\BOOKMARK [1][-]{section.1}{\376\377\000I\000n\000t\000r\000o\000d\000u\000c\000t\000i\000o\000n\000\040\000a\000n\000d\000\040\000B\000a\000c\000k\000g\000r\000o\000u\000n\000d}{}% 1
\BOOKMARK [1][-]{section.2}{\376\377\000P\000r\000o\000j\000e\000c\000t\000\040\000G\000o\000a\000l}{}% 2
\BOOKMARK [1][-]{section.3}{\376\377\000D\000a\000t\000a\000s\000e\000t}{}% 3
\BOOKMARK [1][-]{section.4}{\376\377\000R\000e\000l\000a\000t\000e\000d\000\040\000W\000o\000r\000k}{}% 4
\BOOKMARK [1][-]{section.5}{\376\377\000R\000e\000s\000e\000a\000r\000c\000h\000\040\000Q\000u\000e\000s\000t\000i\000o\000n\000s}{}% 5
\BOOKMARK [1][-]{section.6}{\376\377\000M\000e\000t\000h\000o\000d\000o\000l\000o\000g\000y}{}% 6
\BOOKMARK [2][-]{subsection.6.1}{\376\377\000E\000x\000p\000e\000r\000i\000m\000e\000n\000t\000a\000l\000\040\000d\000e\000s\000i\000g\000n}{section.6}% 7
\BOOKMARK [2][-]{subsection.6.2}{\376\377\000M\000o\000d\000e\000l\000s\000\040\000a\000n\000d\000\040\000c\000h\000e\000c\000k\000p\000o\000i\000n\000t\000s}{section.6}% 8
\BOOKMARK [2][-]{subsection.6.3}{\376\377\000T\000r\000a\000i\000n\000i\000n\000g\000\040\000h\000y\000p\000e\000r\000p\000a\000r\000a\000m\000e\000t\000e\000r\000s}{section.6}% 9
\BOOKMARK [2][-]{subsection.6.4}{\376\377\000E\000v\000a\000l\000u\000a\000t\000i\000o\000n}{section.6}% 10
\BOOKMARK [2][-]{subsection.6.5}{\376\377\000S\000t\000a\000t\000i\000s\000t\000i\000c\000a\000l\000\040\000t\000e\000s\000t\000i\000n\000g}{section.6}% 11
\BOOKMARK [1][-]{section.7}{\376\377\000C\000o\000d\000e\000\040\000a\000n\000d\000\040\000I\000m\000p\000l\000e\000m\000e\000n\000t\000a\000t\000i\000o\000n}{}% 12
\BOOKMARK [1][-]{section.8}{\376\377\000L\000i\000n\000g\000u\000i\000s\000t\000i\000c\000\040\000D\000i\000s\000t\000a\000n\000c\000e\000\040\000A\000n\000a\000l\000y\000s\000i\000s}{}% 13
\BOOKMARK [2][-]{subsection.8.1}{\376\377\000M\000o\000t\000i\000v\000a\000t\000i\000o\000n}{section.8}% 14
\BOOKMARK [2][-]{subsection.8.2}{\376\377\000M\000e\000t\000h\000o\000d}{section.8}% 15
\BOOKMARK [2][-]{subsection.8.3}{\376\377\000R\000e\000s\000u\000l\000t\000s}{section.8}% 16
\BOOKMARK [2][-]{subsection.8.4}{\376\377\000I\000n\000t\000e\000r\000p\000r\000e\000t\000a\000t\000i\000o\000n}{section.8}% 17
\BOOKMARK [1][-]{section.9}{\376\377\000R\000e\000s\000u\000l\000t\000s}{}% 18
\BOOKMARK [2][-]{subsection.9.1}{\376\377\000M\000u\000l\000t\000i\000-\000s\000e\000e\000d\000\040\000z\000e\000r\000o\000-\000s\000h\000o\000t\000\040\000t\000r\000a\000n\000s\000f\000e\000r\000\040\000r\000e\000s\000u\000l\000t\000s}{section.9}% 19
\BOOKMARK [2][-]{subsection.9.2}{\376\377\000D\000e\000v\000e\000l\000o\000p\000m\000e\000n\000t\000\040\000s\000e\000t\000\040\040\024\000\040\000s\000p\000a\000n\000\040\000F\0001\000\040\000m\000e\000t\000r\000i\000c\000s}{section.9}% 20
\BOOKMARK [2][-]{subsection.9.3}{\376\377\000T\000e\000s\000t\000\040\000s\000e\000t\000\040\000r\000e\000s\000u\000l\000t\000s}{section.9}% 21
\BOOKMARK [2][-]{subsection.9.4}{\376\377\000F\000i\000g\000u\000r\000e\000s}{section.9}% 22
\BOOKMARK [2][-]{subsection.9.5}{\376\377\000P\000e\000r\000-\000e\000n\000t\000i\000t\000y\000-\000t\000y\000p\000e\000\040\000F\0001}{section.9}% 23
\BOOKMARK [2][-]{subsection.9.6}{\376\377\000D\000i\000s\000t\000a\000n\000c\000e\000\040\000a\000n\000d\000\040\000g\000a\000i\000n}{section.9}% 24
\BOOKMARK [1][-]{section.10}{\376\377\000L\000o\000g\000s\000\040\000a\000n\000d\000\040\000O\000u\000t\000p\000u\000t\000\040\000A\000n\000a\000l\000y\000s\000i\000s}{}% 25
\BOOKMARK [2][-]{subsection.10.1}{\376\377\000T\000h\000e\000\040\000a\000n\000o\000m\000a\000l\000o\000u\000s\000\040\000E\000N\041\222\000D\000A\000\040\000z\000e\000r\000o\000-\000s\000h\000o\000t\000\040\000p\000r\000e\000d\000i\000c\000t\000i\000o\000n\000\040\000f\000i\000l\000e}{section.10}% 26
\BOOKMARK [2][-]{subsection.10.2}{\376\377\000M\000I\000S\000C\000\040\000e\000n\000t\000i\000t\000i\000e\000s\000\040\000a\000r\000e\000\040\000a\000b\000s\000e\000n\000t\000\040\000f\000r\000o\000m\000\040\000e\000v\000a\000l\000u\000a\000t\000i\000o\000n}{section.10}% 27
\BOOKMARK [2][-]{subsection.10.3}{\376\377\000M\000e\000t\000r\000i\000c\000\040\000c\000o\000n\000s\000i\000s\000t\000e\000n\000c\000y\000\040\000f\000o\000r\000\040\000w\000e\000l\000l\000-\000b\000e\000h\000a\000v\000e\000d\000\040\000r\000u\000n\000s}{section.10}% 28
\BOOKMARK [1][-]{section.11}{\376\377\000D\000i\000s\000c\000u\000s\000s\000i\000o\000n}{}% 29
\BOOKMARK [2][-]{subsection.11.1}{\376\377\000W\000h\000a\000t\000\040\000m\000u\000l\000t\000i\000-\000s\000e\000e\000d\000\040\000r\000e\000p\000l\000i\000c\000a\000t\000i\000o\000n\000\040\000r\000e\000v\000e\000a\000l\000e\000d}{section.11}% 30
\BOOKMARK [2][-]{subsection.11.2}{\376\377\000I\000n\000c\000o\000n\000v\000e\000n\000i\000e\000n\000t\000\040\000f\000i\000n\000d\000i\000n\000g\000:\000\040\000E\000N\000\040\000m\000B\000E\000R\000T\000\040\000b\000e\000s\000t\000\040\000f\000i\000n\000e\000-\000t\000u\000n\000e\000d\000,\000\040\000D\000A\000\040\000X\000L\000M\000-\000R\000<\000D\000A\000\040\000B\000E\000R\000T}{section.11}% 31
\BOOKMARK [2][-]{subsection.11.3}{\376\377\000E\000n\000c\000o\000d\000e\000r\000\040\000c\000h\000o\000i\000c\000e}{section.11}% 32
\BOOKMARK [2][-]{subsection.11.4}{\376\377\000D\000a\000t\000a\000\040\000e\000f\000f\000i\000c\000i\000e\000n\000c\000y}{section.11}% 33
\BOOKMARK [2][-]{subsection.11.5}{\376\377\000L\000i\000m\000i\000t\000a\000t\000i\000o\000n\000s}{section.11}% 34
\BOOKMARK [1][-]{section.12}{\376\377\000C\000o\000n\000c\000l\000u\000s\000i\000o\000n}{}% 35
