{'loss': 0.3616, 'learning_rate': 1.9543795620437956e-05, 'epoch': 0.09}
{'loss': 0.131, 'learning_rate': 1.9087591240875915e-05, 'epoch': 0.18}
{'loss': 0.0813, 'learning_rate': 1.863138686131387e-05, 'epoch': 0.27}
{'loss': 0.0641, 'learning_rate': 1.8175182481751824e-05, 'epoch': 0.36}
{'loss': 0.0537, 'learning_rate': 1.7718978102189782e-05, 'epoch': 0.46}
{'loss': 0.0592, 'learning_rate': 1.726277372262774e-05, 'epoch': 0.55}
{'loss': 0.0431, 'learning_rate': 1.6806569343065695e-05, 'epoch': 0.64}
{'loss': 0.0367, 'learning_rate': 1.635036496350365e-05, 'epoch': 0.73}
{'loss': 0.0391, 'learning_rate': 1.589416058394161e-05, 'epoch': 0.82}
{'loss': 0.056, 'learning_rate': 1.5437956204379563e-05, 'epoch': 0.91}
{'eval_loss': 0.03948681056499481, 'eval_precision': 0.8514285714285714, 'eval_recall': 0.7862796833773087, 'eval_f1': 0.8175582990397805, 'eval_runtime': 0.928, 'eval_samples_per_second': 607.764, 'eval_steps_per_second': 38.793, 'epoch': 1.0}
{'loss': 0.0349, 'learning_rate': 1.4981751824817518e-05, 'epoch': 1.0}
{'loss': 0.0234, 'learning_rate': 1.4525547445255475e-05, 'epoch': 1.09}
{'loss': 0.0292, 'learning_rate': 1.4069343065693433e-05, 'epoch': 1.19}
{'loss': 0.0304, 'learning_rate': 1.361313868613139e-05, 'epoch': 1.28}
{'loss': 0.0325, 'learning_rate': 1.3156934306569344e-05, 'epoch': 1.37}
{'loss': 0.0291, 'learning_rate': 1.27007299270073e-05, 'epoch': 1.46}
{'loss': 0.03, 'learning_rate': 1.2244525547445255e-05, 'epoch': 1.55}
{'loss': 0.0217, 'learning_rate': 1.1788321167883212e-05, 'epoch': 1.64}
{'loss': 0.0326, 'learning_rate': 1.1332116788321168e-05, 'epoch': 1.73}
{'loss': 0.0269, 'learning_rate': 1.0875912408759123e-05, 'epoch': 1.82}
{'loss': 0.0246, 'learning_rate': 1.0419708029197081e-05, 'epoch': 1.92}
{'eval_loss': 0.0340677946805954, 'eval_precision': 0.8707124010554089, 'eval_recall': 0.8707124010554089, 'eval_f1': 0.8707124010554089, 'eval_runtime': 0.936, 'eval_samples_per_second': 602.568, 'eval_steps_per_second': 38.462, 'epoch': 2.0}
{'loss': 0.0253, 'learning_rate': 9.963503649635036e-06, 'epoch': 2.01}
{'loss': 0.015, 'learning_rate': 9.507299270072994e-06, 'epoch': 2.1}
{'loss': 0.0156, 'learning_rate': 9.05109489051095e-06, 'epoch': 2.19}
{'loss': 0.0168, 'learning_rate': 8.594890510948906e-06, 'epoch': 2.28}
{'loss': 0.0136, 'learning_rate': 8.138686131386862e-06, 'epoch': 2.37}
{'loss': 0.0182, 'learning_rate': 7.682481751824819e-06, 'epoch': 2.46}
{'loss': 0.016, 'learning_rate': 7.2262773722627744e-06, 'epoch': 2.55}
{'loss': 0.0245, 'learning_rate': 6.77007299270073e-06, 'epoch': 2.65}
{'loss': 0.0149, 'learning_rate': 6.313868613138686e-06, 'epoch': 2.74}
{'loss': 0.0221, 'learning_rate': 5.857664233576643e-06, 'epoch': 2.83}
{'loss': 0.0125, 'learning_rate': 5.401459854014599e-06, 'epoch': 2.92}
{'eval_loss': 0.03556348755955696, 'eval_precision': 0.8850267379679144, 'eval_recall': 0.8733509234828496, 'eval_f1': 0.8791500664010623, 'eval_runtime': 0.9341, 'eval_samples_per_second': 603.783, 'eval_steps_per_second': 38.539, 'epoch': 3.0}
{'loss': 0.0138, 'learning_rate': 4.945255474452555e-06, 'epoch': 3.01}
{'loss': 0.0084, 'learning_rate': 4.489051094890512e-06, 'epoch': 3.1}
{'loss': 0.0086, 'learning_rate': 4.032846715328467e-06, 'epoch': 3.19}
{'loss': 0.0116, 'learning_rate': 3.576642335766424e-06, 'epoch': 3.28}
{'loss': 0.0124, 'learning_rate': 3.1204379562043796e-06, 'epoch': 3.38}
{'loss': 0.0128, 'learning_rate': 2.664233576642336e-06, 'epoch': 3.47}
{'loss': 0.0066, 'learning_rate': 2.208029197080292e-06, 'epoch': 3.56}
{'loss': 0.0109, 'learning_rate': 1.7518248175182485e-06, 'epoch': 3.65}
{'loss': 0.0106, 'learning_rate': 1.2956204379562045e-06, 'epoch': 3.74}
{'loss': 0.0088, 'learning_rate': 8.394160583941606e-07, 'epoch': 3.83}
{'loss': 0.0146, 'learning_rate': 3.8321167883211686e-07, 'epoch': 3.92}
{'eval_loss': 0.036776598542928696, 'eval_precision': 0.888, 'eval_recall': 0.8786279683377308, 'eval_f1': 0.883289124668435, 'eval_runtime': 0.9359, 'eval_samples_per_second': 602.651, 'eval_steps_per_second': 38.467, 'epoch': 4.0}
{'train_runtime': 215.8542, 'train_samples_per_second': 81.221, 'train_steps_per_second': 10.155, 'train_loss': 0.03555964885864162, 'epoch': 4.0}
Training complete.
Best checkpoint: /home/onok/NLP-Project/outputs/danish_xlmr_baseline/checkpoint-2192
Dev metrics written to: /home/onok/NLP-Project/outputs/danish_xlmr_baseline/dev_metrics.json
Dev predictions written to: /home/onok/NLP-Project/outputs/danish_xlmr_baseline/dev_predictions.iob2
Test predictions written to: /home/onok/NLP-Project/outputs/danish_xlmr_baseline/test_predictions.iob2
Evaluate dev file with: python span_f1.py /home/onok/NLP-Project/Datasets/Danish/da_ddt-ud-dev.iob2 <dev_predictions.iob2>
