DEBUG: args.model_name = '/home/onok/NLP-Project/outputs/english_to_danish_zero_shot/checkpoint-3136'
DEBUG: is None? False
DEBUG: type = <class 'str'>
{'loss': 0.0385, 'learning_rate': 1.9543795620437956e-05, 'epoch': 0.09}
{'loss': 0.0499, 'learning_rate': 1.9087591240875915e-05, 'epoch': 0.18}
{'loss': 0.0345, 'learning_rate': 1.863138686131387e-05, 'epoch': 0.27}
{'loss': 0.0409, 'learning_rate': 1.8175182481751824e-05, 'epoch': 0.36}
{'loss': 0.0472, 'learning_rate': 1.7718978102189782e-05, 'epoch': 0.46}
{'loss': 0.0441, 'learning_rate': 1.726277372262774e-05, 'epoch': 0.55}
{'loss': 0.0359, 'learning_rate': 1.6806569343065695e-05, 'epoch': 0.64}
{'loss': 0.0377, 'learning_rate': 1.635036496350365e-05, 'epoch': 0.73}
{'loss': 0.0319, 'learning_rate': 1.589416058394161e-05, 'epoch': 0.82}
{'loss': 0.0489, 'learning_rate': 1.5437956204379563e-05, 'epoch': 0.91}
{'eval_loss': 0.03219349682331085, 'eval_precision': 0.8803191489361702, 'eval_recall': 0.8733509234828496, 'eval_f1': 0.8768211920529801, 'eval_runtime': 1.6112, 'eval_samples_per_second': 350.059, 'eval_steps_per_second': 22.344, 'epoch': 1.0}
{'loss': 0.0338, 'learning_rate': 1.4981751824817518e-05, 'epoch': 1.0}
{'loss': 0.0154, 'learning_rate': 1.4525547445255475e-05, 'epoch': 1.09}
{'loss': 0.017, 'learning_rate': 1.4069343065693433e-05, 'epoch': 1.19}
{'loss': 0.0203, 'learning_rate': 1.361313868613139e-05, 'epoch': 1.28}
{'loss': 0.0237, 'learning_rate': 1.3156934306569344e-05, 'epoch': 1.37}
{'loss': 0.0193, 'learning_rate': 1.27007299270073e-05, 'epoch': 1.46}
{'loss': 0.0196, 'learning_rate': 1.2244525547445255e-05, 'epoch': 1.55}
{'loss': 0.0156, 'learning_rate': 1.1788321167883212e-05, 'epoch': 1.64}
{'loss': 0.0226, 'learning_rate': 1.1332116788321168e-05, 'epoch': 1.73}
{'loss': 0.0183, 'learning_rate': 1.0875912408759123e-05, 'epoch': 1.82}
{'loss': 0.0137, 'learning_rate': 1.0419708029197081e-05, 'epoch': 1.92}
{'eval_loss': 0.031150756403803825, 'eval_precision': 0.8839050131926122, 'eval_recall': 0.8839050131926122, 'eval_f1': 0.8839050131926122, 'eval_runtime': 1.6004, 'eval_samples_per_second': 352.412, 'eval_steps_per_second': 22.494, 'epoch': 2.0}
{'loss': 0.0191, 'learning_rate': 9.963503649635036e-06, 'epoch': 2.01}
{'loss': 0.0105, 'learning_rate': 9.507299270072994e-06, 'epoch': 2.1}
{'loss': 0.0078, 'learning_rate': 9.05109489051095e-06, 'epoch': 2.19}
{'loss': 0.0103, 'learning_rate': 8.594890510948906e-06, 'epoch': 2.28}
{'loss': 0.0051, 'learning_rate': 8.138686131386862e-06, 'epoch': 2.37}
{'loss': 0.0112, 'learning_rate': 7.682481751824819e-06, 'epoch': 2.46}
{'loss': 0.0126, 'learning_rate': 7.2262773722627744e-06, 'epoch': 2.55}
{'loss': 0.0122, 'learning_rate': 6.77007299270073e-06, 'epoch': 2.65}
{'loss': 0.0084, 'learning_rate': 6.313868613138686e-06, 'epoch': 2.74}
{'loss': 0.0163, 'learning_rate': 5.857664233576643e-06, 'epoch': 2.83}
{'loss': 0.0057, 'learning_rate': 5.401459854014599e-06, 'epoch': 2.92}
{'eval_loss': 0.0383915901184082, 'eval_precision': 0.8975741239892183, 'eval_recall': 0.8786279683377308, 'eval_f1': 0.8879999999999999, 'eval_runtime': 1.5772, 'eval_samples_per_second': 357.602, 'eval_steps_per_second': 22.826, 'epoch': 3.0}
{'loss': 0.0095, 'learning_rate': 4.945255474452555e-06, 'epoch': 3.01}
{'loss': 0.0033, 'learning_rate': 4.489051094890512e-06, 'epoch': 3.1}
{'loss': 0.0029, 'learning_rate': 4.032846715328467e-06, 'epoch': 3.19}
{'loss': 0.0095, 'learning_rate': 3.576642335766424e-06, 'epoch': 3.28}
{'loss': 0.0051, 'learning_rate': 3.1204379562043796e-06, 'epoch': 3.38}
{'loss': 0.0071, 'learning_rate': 2.664233576642336e-06, 'epoch': 3.47}
{'loss': 0.0038, 'learning_rate': 2.208029197080292e-06, 'epoch': 3.56}
{'loss': 0.004, 'learning_rate': 1.7518248175182485e-06, 'epoch': 3.65}
{'loss': 0.0045, 'learning_rate': 1.2956204379562045e-06, 'epoch': 3.74}
{'loss': 0.0042, 'learning_rate': 8.394160583941606e-07, 'epoch': 3.83}
{'loss': 0.0046, 'learning_rate': 3.8321167883211686e-07, 'epoch': 3.92}
{'eval_loss': 0.04063000530004501, 'eval_precision': 0.9, 'eval_recall': 0.8786279683377308, 'eval_f1': 0.8891855807743658, 'eval_runtime': 1.5787, 'eval_samples_per_second': 357.261, 'eval_steps_per_second': 22.804, 'epoch': 4.0}
{'train_runtime': 359.5874, 'train_samples_per_second': 48.756, 'train_steps_per_second': 6.096, 'train_loss': 0.01846160866102598, 'epoch': 4.0}
Training complete.
Best checkpoint: /home/onok/NLP-Project/outputs/english_to_danish_mbert_finetuned_danish/checkpoint-2192
Dev metrics written to: /home/onok/NLP-Project/outputs/english_to_danish_mbert_finetuned_danish/dev_metrics.json
Dev predictions written to: /home/onok/NLP-Project/outputs/english_to_danish_mbert_finetuned_danish/dev_predictions.iob2
Test predictions written to: /home/onok/NLP-Project/outputs/english_to_danish_mbert_finetuned_danish/test_predictions.iob2
Evaluate dev file with: python span_f1.py /home/onok/NLP-Project/Datasets/Danish/da_ddt-ud-dev.iob2 <dev_predictions.iob2>
