{'loss': 0.243, 'learning_rate': 1.9543795620437956e-05, 'epoch': 0.09}
{'loss': 0.098, 'learning_rate': 1.9087591240875915e-05, 'epoch': 0.18}
{'loss': 0.0612, 'learning_rate': 1.863138686131387e-05, 'epoch': 0.27}
{'loss': 0.0549, 'learning_rate': 1.8175182481751824e-05, 'epoch': 0.36}
{'loss': 0.0484, 'learning_rate': 1.7718978102189782e-05, 'epoch': 0.46}
{'loss': 0.0515, 'learning_rate': 1.726277372262774e-05, 'epoch': 0.55}
{'loss': 0.0399, 'learning_rate': 1.6806569343065695e-05, 'epoch': 0.64}
{'loss': 0.0443, 'learning_rate': 1.635036496350365e-05, 'epoch': 0.73}
{'loss': 0.0366, 'learning_rate': 1.589416058394161e-05, 'epoch': 0.82}
{'loss': 0.0496, 'learning_rate': 1.5437956204379563e-05, 'epoch': 0.91}
{'eval_loss': 0.03864479809999466, 'eval_precision': 0.837696335078534, 'eval_recall': 0.8443271767810027, 'eval_f1': 0.8409986859395533, 'eval_runtime': 0.9684, 'eval_samples_per_second': 582.403, 'eval_steps_per_second': 37.175, 'epoch': 1.0}
{'loss': 0.0317, 'learning_rate': 1.4981751824817518e-05, 'epoch': 1.0}
{'loss': 0.02, 'learning_rate': 1.4525547445255475e-05, 'epoch': 1.09}
{'loss': 0.0207, 'learning_rate': 1.4069343065693433e-05, 'epoch': 1.19}
{'loss': 0.0281, 'learning_rate': 1.361313868613139e-05, 'epoch': 1.28}
{'loss': 0.0289, 'learning_rate': 1.3156934306569344e-05, 'epoch': 1.37}
{'loss': 0.0233, 'learning_rate': 1.27007299270073e-05, 'epoch': 1.46}
{'loss': 0.0285, 'learning_rate': 1.2244525547445255e-05, 'epoch': 1.55}
{'loss': 0.0211, 'learning_rate': 1.1788321167883212e-05, 'epoch': 1.64}
{'loss': 0.0243, 'learning_rate': 1.1332116788321168e-05, 'epoch': 1.73}
{'loss': 0.019, 'learning_rate': 1.0875912408759123e-05, 'epoch': 1.82}
{'loss': 0.0188, 'learning_rate': 1.0419708029197081e-05, 'epoch': 1.92}
{'eval_loss': 0.03132261335849762, 'eval_precision': 0.8792650918635171, 'eval_recall': 0.8839050131926122, 'eval_f1': 0.8815789473684211, 'eval_runtime': 0.9509, 'eval_samples_per_second': 593.113, 'eval_steps_per_second': 37.858, 'epoch': 2.0}
{'loss': 0.0253, 'learning_rate': 9.963503649635036e-06, 'epoch': 2.01}
{'loss': 0.0161, 'learning_rate': 9.507299270072994e-06, 'epoch': 2.1}
{'loss': 0.0109, 'learning_rate': 9.05109489051095e-06, 'epoch': 2.19}
{'loss': 0.0146, 'learning_rate': 8.594890510948906e-06, 'epoch': 2.28}
{'loss': 0.0077, 'learning_rate': 8.138686131386862e-06, 'epoch': 2.37}
{'loss': 0.0135, 'learning_rate': 7.682481751824819e-06, 'epoch': 2.46}
{'loss': 0.0127, 'learning_rate': 7.2262773722627744e-06, 'epoch': 2.55}
{'loss': 0.0147, 'learning_rate': 6.77007299270073e-06, 'epoch': 2.65}
{'loss': 0.0098, 'learning_rate': 6.313868613138686e-06, 'epoch': 2.74}
{'loss': 0.0117, 'learning_rate': 5.857664233576643e-06, 'epoch': 2.83}
{'loss': 0.0091, 'learning_rate': 5.401459854014599e-06, 'epoch': 2.92}
{'eval_loss': 0.03320926055312157, 'eval_precision': 0.8828125, 'eval_recall': 0.8944591029023746, 'eval_f1': 0.8885976408912188, 'eval_runtime': 0.951, 'eval_samples_per_second': 593.074, 'eval_steps_per_second': 37.856, 'epoch': 3.0}
{'loss': 0.0109, 'learning_rate': 4.945255474452555e-06, 'epoch': 3.01}
{'loss': 0.004, 'learning_rate': 4.489051094890512e-06, 'epoch': 3.1}
{'loss': 0.0031, 'learning_rate': 4.032846715328467e-06, 'epoch': 3.19}
{'loss': 0.0125, 'learning_rate': 3.576642335766424e-06, 'epoch': 3.28}
{'loss': 0.0091, 'learning_rate': 3.1204379562043796e-06, 'epoch': 3.38}
{'loss': 0.0075, 'learning_rate': 2.664233576642336e-06, 'epoch': 3.47}
{'loss': 0.004, 'learning_rate': 2.208029197080292e-06, 'epoch': 3.56}
{'loss': 0.0063, 'learning_rate': 1.7518248175182485e-06, 'epoch': 3.65}
{'loss': 0.0056, 'learning_rate': 1.2956204379562045e-06, 'epoch': 3.74}
{'loss': 0.0063, 'learning_rate': 8.394160583941606e-07, 'epoch': 3.83}
{'loss': 0.0058, 'learning_rate': 3.8321167883211686e-07, 'epoch': 3.92}
{'eval_loss': 0.03795566037297249, 'eval_precision': 0.8779840848806366, 'eval_recall': 0.8733509234828496, 'eval_f1': 0.8756613756613757, 'eval_runtime': 0.9504, 'eval_samples_per_second': 593.439, 'eval_steps_per_second': 37.879, 'epoch': 4.0}
{'train_runtime': 176.6813, 'train_samples_per_second': 99.23, 'train_steps_per_second': 12.407, 'train_loss': 0.027794498569556396, 'epoch': 4.0}
Training complete.
Best checkpoint: /home/onok/NLP-Project/outputs/danish_bert_baseline/checkpoint-1644
Dev metrics written to: /home/onok/NLP-Project/outputs/danish_bert_baseline/dev_metrics.json
Dev predictions written to: /home/onok/NLP-Project/outputs/danish_bert_baseline/dev_predictions.iob2
Test predictions written to: /home/onok/NLP-Project/outputs/danish_bert_baseline/test_predictions.iob2
Evaluate dev file with: python span_f1.py /home/onok/NLP-Project/Datasets/Danish/da_ddt-ud-dev.iob2 <dev_predictions.iob2>
