DEBUG: args.model_name = '/home/onok/NLP-Project/outputs/norwegian_to_danish_mbert_zero_shot/checkpoint-7088'
DEBUG: is None? False
DEBUG: type = <class 'str'>
{'loss': 0.0467, 'learning_rate': 1.9543795620437956e-05, 'epoch': 0.09}
{'loss': 0.0462, 'learning_rate': 1.9087591240875915e-05, 'epoch': 0.18}
{'loss': 0.0363, 'learning_rate': 1.863138686131387e-05, 'epoch': 0.27}
{'loss': 0.0384, 'learning_rate': 1.8175182481751824e-05, 'epoch': 0.36}
{'loss': 0.0437, 'learning_rate': 1.7718978102189782e-05, 'epoch': 0.46}
{'loss': 0.0454, 'learning_rate': 1.726277372262774e-05, 'epoch': 0.55}
{'loss': 0.0366, 'learning_rate': 1.6806569343065695e-05, 'epoch': 0.64}
{'loss': 0.0345, 'learning_rate': 1.635036496350365e-05, 'epoch': 0.73}
{'loss': 0.0344, 'learning_rate': 1.589416058394161e-05, 'epoch': 0.82}
{'loss': 0.0424, 'learning_rate': 1.5437956204379563e-05, 'epoch': 0.91}
{'eval_loss': 0.03748856857419014, 'eval_precision': 0.883008356545961, 'eval_recall': 0.8364116094986808, 'eval_f1': 0.8590785907859079, 'eval_runtime': 1.5368, 'eval_samples_per_second': 366.992, 'eval_steps_per_second': 23.425, 'epoch': 1.0}
{'loss': 0.0332, 'learning_rate': 1.4981751824817518e-05, 'epoch': 1.0}
{'loss': 0.0133, 'learning_rate': 1.4525547445255475e-05, 'epoch': 1.09}
{'loss': 0.0164, 'learning_rate': 1.4069343065693433e-05, 'epoch': 1.19}
{'loss': 0.0169, 'learning_rate': 1.361313868613139e-05, 'epoch': 1.28}
{'loss': 0.0192, 'learning_rate': 1.3156934306569344e-05, 'epoch': 1.37}
{'loss': 0.0177, 'learning_rate': 1.27007299270073e-05, 'epoch': 1.46}
{'loss': 0.0206, 'learning_rate': 1.2244525547445255e-05, 'epoch': 1.55}
{'loss': 0.0137, 'learning_rate': 1.1788321167883212e-05, 'epoch': 1.64}
{'loss': 0.0178, 'learning_rate': 1.1332116788321168e-05, 'epoch': 1.73}
{'loss': 0.0139, 'learning_rate': 1.0875912408759123e-05, 'epoch': 1.82}
{'loss': 0.0132, 'learning_rate': 1.0419708029197081e-05, 'epoch': 1.92}
{'eval_loss': 0.04126768186688423, 'eval_precision': 0.8447368421052631, 'eval_recall': 0.8469656992084432, 'eval_f1': 0.8458498023715415, 'eval_runtime': 1.5498, 'eval_samples_per_second': 363.912, 'eval_steps_per_second': 23.228, 'epoch': 2.0}
{'loss': 0.0161, 'learning_rate': 9.963503649635036e-06, 'epoch': 2.01}
{'loss': 0.0133, 'learning_rate': 9.507299270072994e-06, 'epoch': 2.1}
{'loss': 0.0082, 'learning_rate': 9.05109489051095e-06, 'epoch': 2.19}
{'loss': 0.0059, 'learning_rate': 8.594890510948906e-06, 'epoch': 2.28}
{'loss': 0.0051, 'learning_rate': 8.138686131386862e-06, 'epoch': 2.37}
{'loss': 0.01, 'learning_rate': 7.682481751824819e-06, 'epoch': 2.46}
{'loss': 0.012, 'learning_rate': 7.2262773722627744e-06, 'epoch': 2.55}
{'loss': 0.007, 'learning_rate': 6.77007299270073e-06, 'epoch': 2.65}
{'loss': 0.0083, 'learning_rate': 6.313868613138686e-06, 'epoch': 2.74}
{'loss': 0.0116, 'learning_rate': 5.857664233576643e-06, 'epoch': 2.83}
{'loss': 0.0063, 'learning_rate': 5.401459854014599e-06, 'epoch': 2.92}
{'eval_loss': 0.04321584105491638, 'eval_precision': 0.8746666666666667, 'eval_recall': 0.8654353562005277, 'eval_f1': 0.8700265251989391, 'eval_runtime': 1.5442, 'eval_samples_per_second': 365.244, 'eval_steps_per_second': 23.313, 'epoch': 3.0}
{'loss': 0.0074, 'learning_rate': 4.945255474452555e-06, 'epoch': 3.01}
{'loss': 0.0053, 'learning_rate': 4.489051094890512e-06, 'epoch': 3.1}
{'loss': 0.0028, 'learning_rate': 4.032846715328467e-06, 'epoch': 3.19}
{'loss': 0.0094, 'learning_rate': 3.576642335766424e-06, 'epoch': 3.28}
{'loss': 0.005, 'learning_rate': 3.1204379562043796e-06, 'epoch': 3.38}
{'loss': 0.0026, 'learning_rate': 2.664233576642336e-06, 'epoch': 3.47}
{'loss': 0.0026, 'learning_rate': 2.208029197080292e-06, 'epoch': 3.56}
{'loss': 0.0026, 'learning_rate': 1.7518248175182485e-06, 'epoch': 3.65}
{'loss': 0.0028, 'learning_rate': 1.2956204379562045e-06, 'epoch': 3.74}
{'loss': 0.0038, 'learning_rate': 8.394160583941606e-07, 'epoch': 3.83}
{'loss': 0.0018, 'learning_rate': 3.8321167883211686e-07, 'epoch': 3.92}
{'eval_loss': 0.046487245708703995, 'eval_precision': 0.868632707774799, 'eval_recall': 0.8548812664907651, 'eval_f1': 0.8617021276595744, 'eval_runtime': 1.5512, 'eval_samples_per_second': 363.601, 'eval_steps_per_second': 23.209, 'epoch': 4.0}
{'train_runtime': 368.7944, 'train_samples_per_second': 47.539, 'train_steps_per_second': 5.944, 'train_loss': 0.017176980679569236, 'epoch': 4.0}
Training complete.
Best checkpoint: /home/onok/NLP-Project/outputs/norwegian_to_danish_mbert_finetuned_danish/checkpoint-1644
Dev metrics written to: /home/onok/NLP-Project/outputs/norwegian_to_danish_mbert_finetuned_danish/dev_metrics.json
Dev predictions written to: /home/onok/NLP-Project/outputs/norwegian_to_danish_mbert_finetuned_danish/dev_predictions.iob2
Test predictions written to: /home/onok/NLP-Project/outputs/norwegian_to_danish_mbert_finetuned_danish/test_predictions.iob2
Evaluate dev file with: python span_f1.py /home/onok/NLP-Project/Datasets/Danish/da_ddt-ud-dev.iob2 <dev_predictions.iob2>
