DEBUG: args.model_name = '/home/onok/NLP-Project/outputs/norwegian_to_danish_xlmr_zero_shot/checkpoint-3544'
DEBUG: is None? False
DEBUG: type = <class 'str'>
{'loss': 0.0343, 'learning_rate': 1.9543795620437956e-05, 'epoch': 0.09}
{'loss': 0.0476, 'learning_rate': 1.9087591240875915e-05, 'epoch': 0.18}
{'loss': 0.0377, 'learning_rate': 1.863138686131387e-05, 'epoch': 0.27}
{'loss': 0.0355, 'learning_rate': 1.8175182481751824e-05, 'epoch': 0.36}
{'loss': 0.0382, 'learning_rate': 1.7718978102189782e-05, 'epoch': 0.46}
{'loss': 0.0408, 'learning_rate': 1.726277372262774e-05, 'epoch': 0.55}
{'loss': 0.0307, 'learning_rate': 1.6806569343065695e-05, 'epoch': 0.64}
{'loss': 0.0259, 'learning_rate': 1.635036496350365e-05, 'epoch': 0.73}
{'loss': 0.031, 'learning_rate': 1.589416058394161e-05, 'epoch': 0.82}
{'loss': 0.0512, 'learning_rate': 1.5437956204379563e-05, 'epoch': 0.91}
{'eval_loss': 0.03395720198750496, 'eval_precision': 0.898876404494382, 'eval_recall': 0.8443271767810027, 'eval_f1': 0.8707482993197279, 'eval_runtime': 1.511, 'eval_samples_per_second': 373.269, 'eval_steps_per_second': 23.826, 'epoch': 1.0}
{'loss': 0.0295, 'learning_rate': 1.4981751824817518e-05, 'epoch': 1.0}
{'loss': 0.0148, 'learning_rate': 1.4525547445255475e-05, 'epoch': 1.09}
{'loss': 0.0179, 'learning_rate': 1.4069343065693433e-05, 'epoch': 1.19}
{'loss': 0.0205, 'learning_rate': 1.361313868613139e-05, 'epoch': 1.28}
{'loss': 0.0209, 'learning_rate': 1.3156934306569344e-05, 'epoch': 1.37}
{'loss': 0.0215, 'learning_rate': 1.27007299270073e-05, 'epoch': 1.46}
{'loss': 0.0225, 'learning_rate': 1.2244525547445255e-05, 'epoch': 1.55}
{'loss': 0.0152, 'learning_rate': 1.1788321167883212e-05, 'epoch': 1.64}
{'loss': 0.0168, 'learning_rate': 1.1332116788321168e-05, 'epoch': 1.73}
{'loss': 0.0173, 'learning_rate': 1.0875912408759123e-05, 'epoch': 1.82}
{'loss': 0.0175, 'learning_rate': 1.0419708029197081e-05, 'epoch': 1.92}
{'eval_loss': 0.036255884915590286, 'eval_precision': 0.8767123287671232, 'eval_recall': 0.8443271767810027, 'eval_f1': 0.8602150537634409, 'eval_runtime': 1.5152, 'eval_samples_per_second': 372.231, 'eval_steps_per_second': 23.759, 'epoch': 2.0}
{'loss': 0.0207, 'learning_rate': 9.963503649635036e-06, 'epoch': 2.01}
{'loss': 0.012, 'learning_rate': 9.507299270072994e-06, 'epoch': 2.1}
{'loss': 0.0111, 'learning_rate': 9.05109489051095e-06, 'epoch': 2.19}
{'loss': 0.0091, 'learning_rate': 8.594890510948906e-06, 'epoch': 2.28}
{'loss': 0.0089, 'learning_rate': 8.138686131386862e-06, 'epoch': 2.37}
{'loss': 0.0103, 'learning_rate': 7.682481751824819e-06, 'epoch': 2.46}
{'loss': 0.0132, 'learning_rate': 7.2262773722627744e-06, 'epoch': 2.55}
{'loss': 0.0108, 'learning_rate': 6.77007299270073e-06, 'epoch': 2.65}
{'loss': 0.0091, 'learning_rate': 6.313868613138686e-06, 'epoch': 2.74}
{'loss': 0.0108, 'learning_rate': 5.857664233576643e-06, 'epoch': 2.83}
{'loss': 0.0065, 'learning_rate': 5.401459854014599e-06, 'epoch': 2.92}
{'eval_loss': 0.03721396252512932, 'eval_precision': 0.868421052631579, 'eval_recall': 0.8707124010554089, 'eval_f1': 0.8695652173913044, 'eval_runtime': 1.4619, 'eval_samples_per_second': 385.787, 'eval_steps_per_second': 24.625, 'epoch': 3.0}
{'loss': 0.0089, 'learning_rate': 4.945255474452555e-06, 'epoch': 3.01}
{'loss': 0.0051, 'learning_rate': 4.489051094890512e-06, 'epoch': 3.1}
{'loss': 0.0046, 'learning_rate': 4.032846715328467e-06, 'epoch': 3.19}
{'loss': 0.0093, 'learning_rate': 3.576642335766424e-06, 'epoch': 3.28}
{'loss': 0.0071, 'learning_rate': 3.1204379562043796e-06, 'epoch': 3.38}
{'loss': 0.0055, 'learning_rate': 2.664233576642336e-06, 'epoch': 3.47}
{'loss': 0.0038, 'learning_rate': 2.208029197080292e-06, 'epoch': 3.56}
{'loss': 0.0035, 'learning_rate': 1.7518248175182485e-06, 'epoch': 3.65}
{'loss': 0.0069, 'learning_rate': 1.2956204379562045e-06, 'epoch': 3.74}
{'loss': 0.0043, 'learning_rate': 8.394160583941606e-07, 'epoch': 3.83}
{'loss': 0.0077, 'learning_rate': 3.8321167883211686e-07, 'epoch': 3.92}
{'eval_loss': 0.039412807673215866, 'eval_precision': 0.8853333333333333, 'eval_recall': 0.8759894459102903, 'eval_f1': 0.8806366047745358, 'eval_runtime': 1.4627, 'eval_samples_per_second': 385.593, 'eval_steps_per_second': 24.612, 'epoch': 4.0}
{'train_runtime': 493.3713, 'train_samples_per_second': 35.535, 'train_steps_per_second': 4.443, 'train_loss': 0.01778248324310475, 'epoch': 4.0}
Training complete.
Best checkpoint: /home/onok/NLP-Project/outputs/norwegian_to_danish_xlmr_finetuned_danish/checkpoint-2192
Dev metrics written to: /home/onok/NLP-Project/outputs/norwegian_to_danish_xlmr_finetuned_danish/dev_metrics.json
Dev predictions written to: /home/onok/NLP-Project/outputs/norwegian_to_danish_xlmr_finetuned_danish/dev_predictions.iob2
Test predictions written to: /home/onok/NLP-Project/outputs/norwegian_to_danish_xlmr_finetuned_danish/test_predictions.iob2
Evaluate dev file with: python span_f1.py /home/onok/NLP-Project/Datasets/Danish/da_ddt-ud-dev.iob2 <dev_predictions.iob2>
