{'loss': 0.3829, 'learning_rate': 1.9858916478555307e-05, 'epoch': 0.03}
{'loss': 0.1547, 'learning_rate': 1.9717832957110612e-05, 'epoch': 0.06}
{'loss': 0.1023, 'learning_rate': 1.9576749435665917e-05, 'epoch': 0.08}
{'loss': 0.0642, 'learning_rate': 1.943566591422122e-05, 'epoch': 0.11}
{'loss': 0.0712, 'learning_rate': 1.9294582392776527e-05, 'epoch': 0.14}
{'loss': 0.049, 'learning_rate': 1.915349887133183e-05, 'epoch': 0.17}
{'loss': 0.0691, 'learning_rate': 1.9012415349887134e-05, 'epoch': 0.2}
{'loss': 0.0431, 'learning_rate': 1.887133182844244e-05, 'epoch': 0.23}
{'loss': 0.035, 'learning_rate': 1.8730248306997744e-05, 'epoch': 0.25}
{'loss': 0.0384, 'learning_rate': 1.858916478555305e-05, 'epoch': 0.28}
{'loss': 0.0373, 'learning_rate': 1.8448081264108354e-05, 'epoch': 0.31}
{'loss': 0.0369, 'learning_rate': 1.830699774266366e-05, 'epoch': 0.34}
{'loss': 0.0354, 'learning_rate': 1.8165914221218965e-05, 'epoch': 0.37}
{'loss': 0.036, 'learning_rate': 1.8024830699774266e-05, 'epoch': 0.4}
{'loss': 0.0404, 'learning_rate': 1.7883747178329575e-05, 'epoch': 0.42}
{'loss': 0.0416, 'learning_rate': 1.7742663656884877e-05, 'epoch': 0.45}
{'loss': 0.0383, 'learning_rate': 1.760158013544018e-05, 'epoch': 0.48}
{'loss': 0.0197, 'learning_rate': 1.7460496613995487e-05, 'epoch': 0.51}
{'loss': 0.0243, 'learning_rate': 1.7319413092550792e-05, 'epoch': 0.54}
{'loss': 0.0377, 'learning_rate': 1.7178329571106097e-05, 'epoch': 0.56}
{'loss': 0.0277, 'learning_rate': 1.70372460496614e-05, 'epoch': 0.59}
{'loss': 0.0309, 'learning_rate': 1.6896162528216707e-05, 'epoch': 0.62}
{'loss': 0.0402, 'learning_rate': 1.675507900677201e-05, 'epoch': 0.65}
{'loss': 0.0323, 'learning_rate': 1.6613995485327314e-05, 'epoch': 0.68}
{'loss': 0.0274, 'learning_rate': 1.647291196388262e-05, 'epoch': 0.71}
{'loss': 0.0361, 'learning_rate': 1.6331828442437924e-05, 'epoch': 0.73}
{'loss': 0.0334, 'learning_rate': 1.619074492099323e-05, 'epoch': 0.76}
{'loss': 0.0185, 'learning_rate': 1.6049661399548534e-05, 'epoch': 0.79}
{'loss': 0.0362, 'learning_rate': 1.590857787810384e-05, 'epoch': 0.82}
{'loss': 0.0363, 'learning_rate': 1.5767494356659145e-05, 'epoch': 0.85}
{'loss': 0.0421, 'learning_rate': 1.5626410835214446e-05, 'epoch': 0.87}
{'loss': 0.0223, 'learning_rate': 1.5485327313769755e-05, 'epoch': 0.9}
{'loss': 0.0243, 'learning_rate': 1.5344243792325057e-05, 'epoch': 0.93}
{'loss': 0.0194, 'learning_rate': 1.5203160270880362e-05, 'epoch': 0.96}
{'loss': 0.036, 'learning_rate': 1.5062076749435668e-05, 'epoch': 0.99}
{'eval_loss': 0.04552929103374481, 'eval_precision': 0.8707865168539326, 'eval_recall': 0.8179419525065963, 'eval_f1': 0.8435374149659864, 'eval_runtime': 1.4758, 'eval_samples_per_second': 382.174, 'eval_steps_per_second': 24.394, 'epoch': 1.0}
{'loss': 0.0341, 'learning_rate': 1.4920993227990972e-05, 'epoch': 1.02}
{'loss': 0.015, 'learning_rate': 1.4779909706546275e-05, 'epoch': 1.04}
{'loss': 0.0159, 'learning_rate': 1.4638826185101582e-05, 'epoch': 1.07}
{'loss': 0.023, 'learning_rate': 1.4497742663656887e-05, 'epoch': 1.1}
{'loss': 0.0181, 'learning_rate': 1.435665914221219e-05, 'epoch': 1.13}
{'loss': 0.0195, 'learning_rate': 1.4215575620767494e-05, 'epoch': 1.16}
{'loss': 0.0158, 'learning_rate': 1.40744920993228e-05, 'epoch': 1.19}
{'loss': 0.0243, 'learning_rate': 1.3933408577878104e-05, 'epoch': 1.21}
{'loss': 0.0164, 'learning_rate': 1.379232505643341e-05, 'epoch': 1.24}
{'loss': 0.0205, 'learning_rate': 1.3651241534988714e-05, 'epoch': 1.27}
{'loss': 0.0154, 'learning_rate': 1.351015801354402e-05, 'epoch': 1.3}
{'loss': 0.013, 'learning_rate': 1.3369074492099323e-05, 'epoch': 1.33}
{'loss': 0.0143, 'learning_rate': 1.322799097065463e-05, 'epoch': 1.35}
{'loss': 0.0207, 'learning_rate': 1.3086907449209933e-05, 'epoch': 1.38}
{'loss': 0.0277, 'learning_rate': 1.2945823927765238e-05, 'epoch': 1.41}
{'loss': 0.0184, 'learning_rate': 1.2804740406320543e-05, 'epoch': 1.44}
{'loss': 0.0218, 'learning_rate': 1.2663656884875848e-05, 'epoch': 1.47}
{'loss': 0.0278, 'learning_rate': 1.2522573363431152e-05, 'epoch': 1.5}
{'loss': 0.0133, 'learning_rate': 1.2381489841986455e-05, 'epoch': 1.52}
{'loss': 0.0244, 'learning_rate': 1.2240406320541762e-05, 'epoch': 1.55}
{'loss': 0.0184, 'learning_rate': 1.2099322799097065e-05, 'epoch': 1.58}
{'loss': 0.0151, 'learning_rate': 1.195823927765237e-05, 'epoch': 1.61}
{'loss': 0.0105, 'learning_rate': 1.1817155756207677e-05, 'epoch': 1.64}
{'loss': 0.0191, 'learning_rate': 1.167607223476298e-05, 'epoch': 1.66}
{'loss': 0.0176, 'learning_rate': 1.1534988713318284e-05, 'epoch': 1.69}
{'loss': 0.0158, 'learning_rate': 1.1393905191873591e-05, 'epoch': 1.72}
{'loss': 0.0084, 'learning_rate': 1.1252821670428894e-05, 'epoch': 1.75}
{'loss': 0.0124, 'learning_rate': 1.11117381489842e-05, 'epoch': 1.78}
{'loss': 0.0194, 'learning_rate': 1.0970654627539505e-05, 'epoch': 1.81}
{'loss': 0.014, 'learning_rate': 1.082957110609481e-05, 'epoch': 1.83}
{'loss': 0.0169, 'learning_rate': 1.0688487584650113e-05, 'epoch': 1.86}
{'loss': 0.0168, 'learning_rate': 1.0547404063205418e-05, 'epoch': 1.89}
{'loss': 0.0304, 'learning_rate': 1.0406320541760723e-05, 'epoch': 1.92}
{'loss': 0.0172, 'learning_rate': 1.0265237020316028e-05, 'epoch': 1.95}
{'loss': 0.0158, 'learning_rate': 1.0124153498871332e-05, 'epoch': 1.98}
{'eval_loss': 0.046698953956365585, 'eval_precision': 0.8842975206611571, 'eval_recall': 0.8469656992084432, 'eval_f1': 0.8652291105121294, 'eval_runtime': 1.4818, 'eval_samples_per_second': 380.625, 'eval_steps_per_second': 24.295, 'epoch': 2.0}
{'loss': 0.0154, 'learning_rate': 9.983069977426637e-06, 'epoch': 2.0}
{'loss': 0.0119, 'learning_rate': 9.841986455981942e-06, 'epoch': 2.03}
{'loss': 0.0103, 'learning_rate': 9.700902934537245e-06, 'epoch': 2.06}
{'loss': 0.0057, 'learning_rate': 9.559819413092552e-06, 'epoch': 2.09}
{'loss': 0.0163, 'learning_rate': 9.418735891647857e-06, 'epoch': 2.12}
{'loss': 0.007, 'learning_rate': 9.27765237020316e-06, 'epoch': 2.14}
{'loss': 0.0115, 'learning_rate': 9.136568848758466e-06, 'epoch': 2.17}
{'loss': 0.0085, 'learning_rate': 8.995485327313771e-06, 'epoch': 2.2}
{'loss': 0.0116, 'learning_rate': 8.854401805869074e-06, 'epoch': 2.23}
{'loss': 0.0095, 'learning_rate': 8.71331828442438e-06, 'epoch': 2.26}
{'loss': 0.0057, 'learning_rate': 8.572234762979685e-06, 'epoch': 2.29}
{'loss': 0.0084, 'learning_rate': 8.43115124153499e-06, 'epoch': 2.31}
{'loss': 0.0134, 'learning_rate': 8.290067720090295e-06, 'epoch': 2.34}
{'loss': 0.0081, 'learning_rate': 8.148984198645598e-06, 'epoch': 2.37}
{'loss': 0.0084, 'learning_rate': 8.007900677200903e-06, 'epoch': 2.4}
{'loss': 0.0078, 'learning_rate': 7.866817155756208e-06, 'epoch': 2.43}
{'loss': 0.008, 'learning_rate': 7.725733634311514e-06, 'epoch': 2.45}
{'loss': 0.0137, 'learning_rate': 7.584650112866818e-06, 'epoch': 2.48}
{'loss': 0.0116, 'learning_rate': 7.443566591422122e-06, 'epoch': 2.51}
{'loss': 0.0105, 'learning_rate': 7.302483069977427e-06, 'epoch': 2.54}
{'loss': 0.0059, 'learning_rate': 7.1613995485327314e-06, 'epoch': 2.57}
{'loss': 0.0121, 'learning_rate': 7.0203160270880365e-06, 'epoch': 2.6}
{'loss': 0.0091, 'learning_rate': 6.879232505643342e-06, 'epoch': 2.62}
{'loss': 0.0108, 'learning_rate': 6.738148984198646e-06, 'epoch': 2.65}
{'loss': 0.0089, 'learning_rate': 6.597065462753951e-06, 'epoch': 2.68}
{'loss': 0.0179, 'learning_rate': 6.455981941309256e-06, 'epoch': 2.71}
{'loss': 0.0045, 'learning_rate': 6.31489841986456e-06, 'epoch': 2.74}
{'loss': 0.0077, 'learning_rate': 6.1738148984198655e-06, 'epoch': 2.77}
{'loss': 0.0115, 'learning_rate': 6.03273137697517e-06, 'epoch': 2.79}
{'loss': 0.0082, 'learning_rate': 5.891647855530475e-06, 'epoch': 2.82}
{'loss': 0.0117, 'learning_rate': 5.75056433408578e-06, 'epoch': 2.85}
{'loss': 0.0096, 'learning_rate': 5.609480812641084e-06, 'epoch': 2.88}
{'loss': 0.0076, 'learning_rate': 5.468397291196389e-06, 'epoch': 2.91}
{'loss': 0.0048, 'learning_rate': 5.327313769751693e-06, 'epoch': 2.93}
{'loss': 0.0062, 'learning_rate': 5.186230248306998e-06, 'epoch': 2.96}
{'loss': 0.0093, 'learning_rate': 5.045146726862303e-06, 'epoch': 2.99}
{'eval_loss': 0.059354837983846664, 'eval_precision': 0.8505434782608695, 'eval_recall': 0.8258575197889182, 'eval_f1': 0.8380187416331994, 'eval_runtime': 1.4836, 'eval_samples_per_second': 380.155, 'eval_steps_per_second': 24.265, 'epoch': 3.0}
{'loss': 0.0133, 'learning_rate': 4.904063205417607e-06, 'epoch': 3.02}
{'loss': 0.0065, 'learning_rate': 4.762979683972912e-06, 'epoch': 3.05}
{'loss': 0.006, 'learning_rate': 4.621896162528217e-06, 'epoch': 3.08}
{'loss': 0.0028, 'learning_rate': 4.480812641083522e-06, 'epoch': 3.1}
{'loss': 0.0037, 'learning_rate': 4.339729119638827e-06, 'epoch': 3.13}
{'loss': 0.0063, 'learning_rate': 4.198645598194132e-06, 'epoch': 3.16}
{'loss': 0.0036, 'learning_rate': 4.057562076749436e-06, 'epoch': 3.19}
{'loss': 0.0046, 'learning_rate': 3.91647855530474e-06, 'epoch': 3.22}
{'loss': 0.0049, 'learning_rate': 3.7753950338600455e-06, 'epoch': 3.24}
{'loss': 0.0036, 'learning_rate': 3.63431151241535e-06, 'epoch': 3.27}
{'loss': 0.0044, 'learning_rate': 3.4932279909706552e-06, 'epoch': 3.3}
{'loss': 0.0025, 'learning_rate': 3.35214446952596e-06, 'epoch': 3.33}
{'loss': 0.0015, 'learning_rate': 3.211060948081264e-06, 'epoch': 3.36}
{'loss': 0.004, 'learning_rate': 3.069977426636569e-06, 'epoch': 3.39}
{'loss': 0.0057, 'learning_rate': 2.9288939051918736e-06, 'epoch': 3.41}
{'loss': 0.0069, 'learning_rate': 2.7878103837471787e-06, 'epoch': 3.44}
{'loss': 0.0079, 'learning_rate': 2.6467268623024833e-06, 'epoch': 3.47}
{'loss': 0.0063, 'learning_rate': 2.505643340857788e-06, 'epoch': 3.5}
{'loss': 0.0095, 'learning_rate': 2.3645598194130927e-06, 'epoch': 3.53}
{'loss': 0.0029, 'learning_rate': 2.2234762979683974e-06, 'epoch': 3.56}
{'loss': 0.0061, 'learning_rate': 2.0823927765237025e-06, 'epoch': 3.58}
{'loss': 0.0025, 'learning_rate': 1.9413092550790067e-06, 'epoch': 3.61}
{'loss': 0.0077, 'learning_rate': 1.8002257336343114e-06, 'epoch': 3.64}
{'loss': 0.0058, 'learning_rate': 1.6591422121896163e-06, 'epoch': 3.67}
{'loss': 0.001, 'learning_rate': 1.518058690744921e-06, 'epoch': 3.7}
{'loss': 0.0019, 'learning_rate': 1.3769751693002259e-06, 'epoch': 3.72}
{'loss': 0.0047, 'learning_rate': 1.2358916478555306e-06, 'epoch': 3.75}
{'loss': 0.0049, 'learning_rate': 1.0948081264108353e-06, 'epoch': 3.78}
{'loss': 0.0079, 'learning_rate': 9.5372460496614e-07, 'epoch': 3.81}
{'loss': 0.0055, 'learning_rate': 8.126410835214447e-07, 'epoch': 3.84}
{'loss': 0.004, 'learning_rate': 6.715575620767495e-07, 'epoch': 3.87}
{'loss': 0.0031, 'learning_rate': 5.304740406320542e-07, 'epoch': 3.89}
{'loss': 0.0011, 'learning_rate': 3.893905191873589e-07, 'epoch': 3.92}
{'loss': 0.0034, 'learning_rate': 2.4830699774266366e-07, 'epoch': 3.95}
{'loss': 0.0029, 'learning_rate': 1.072234762979684e-07, 'epoch': 3.98}
{'eval_loss': 0.06393910199403763, 'eval_precision': 0.8661202185792349, 'eval_recall': 0.8364116094986808, 'eval_f1': 0.851006711409396, 'eval_runtime': 1.4786, 'eval_samples_per_second': 381.446, 'eval_steps_per_second': 24.348, 'epoch': 4.0}
{'train_runtime': 1278.019, 'train_samples_per_second': 44.362, 'train_steps_per_second': 5.546, 'train_loss': 0.021069623062673022, 'epoch': 4.0}
Training complete.
Best checkpoint: /home/onok/NLP-Project/outputs/norwegian_to_danish_xlmr_zero_shot/checkpoint-3544
Dev metrics written to: /home/onok/NLP-Project/outputs/norwegian_to_danish_xlmr_zero_shot/dev_metrics.json
Dev predictions written to: /home/onok/NLP-Project/outputs/norwegian_to_danish_xlmr_zero_shot/dev_predictions.iob2
Test predictions written to: /home/onok/NLP-Project/outputs/norwegian_to_danish_xlmr_zero_shot/test_predictions.iob2
Evaluate dev file with: python span_f1.py /home/onok/NLP-Project/Datasets/Danish/da_ddt-ud-dev.iob2 <dev_predictions.iob2>
