{'loss': 0.3663, 'learning_rate': 1.9543795620437956e-05, 'epoch': 0.09}
{'loss': 0.1324, 'learning_rate': 1.9087591240875915e-05, 'epoch': 0.18}
{'loss': 0.0794, 'learning_rate': 1.863138686131387e-05, 'epoch': 0.27}
{'loss': 0.0666, 'learning_rate': 1.8175182481751824e-05, 'epoch': 0.36}
{'loss': 0.0569, 'learning_rate': 1.7718978102189782e-05, 'epoch': 0.46}
{'loss': 0.0529, 'learning_rate': 1.726277372262774e-05, 'epoch': 0.55}
{'loss': 0.0378, 'learning_rate': 1.6806569343065695e-05, 'epoch': 0.64}
{'loss': 0.0434, 'learning_rate': 1.635036496350365e-05, 'epoch': 0.73}
{'loss': 0.0345, 'learning_rate': 1.589416058394161e-05, 'epoch': 0.82}
{'loss': 0.0538, 'learning_rate': 1.5437956204379563e-05, 'epoch': 0.91}
{'eval_loss': 0.03922268748283386, 'eval_precision': 0.8263157894736842, 'eval_recall': 0.8284960422163589, 'eval_f1': 0.8274044795783926, 'eval_runtime': 0.9124, 'eval_samples_per_second': 618.172, 'eval_steps_per_second': 39.458, 'epoch': 1.0}
{'loss': 0.0416, 'learning_rate': 1.4981751824817518e-05, 'epoch': 1.0}
{'loss': 0.0255, 'learning_rate': 1.4525547445255475e-05, 'epoch': 1.09}
{'loss': 0.0256, 'learning_rate': 1.4069343065693433e-05, 'epoch': 1.19}
{'loss': 0.0278, 'learning_rate': 1.361313868613139e-05, 'epoch': 1.28}
{'loss': 0.0338, 'learning_rate': 1.3156934306569344e-05, 'epoch': 1.37}
{'loss': 0.0295, 'learning_rate': 1.27007299270073e-05, 'epoch': 1.46}
{'loss': 0.029, 'learning_rate': 1.2244525547445255e-05, 'epoch': 1.55}
{'loss': 0.0222, 'learning_rate': 1.1788321167883212e-05, 'epoch': 1.64}
{'loss': 0.0329, 'learning_rate': 1.1332116788321168e-05, 'epoch': 1.73}
{'loss': 0.0236, 'learning_rate': 1.0875912408759123e-05, 'epoch': 1.82}
{'loss': 0.0223, 'learning_rate': 1.0419708029197081e-05, 'epoch': 1.92}
{'eval_loss': 0.037824466824531555, 'eval_precision': 0.8473684210526315, 'eval_recall': 0.8496042216358839, 'eval_f1': 0.8484848484848485, 'eval_runtime': 0.8574, 'eval_samples_per_second': 657.832, 'eval_steps_per_second': 41.989, 'epoch': 2.0}
{'loss': 0.0311, 'learning_rate': 9.963503649635036e-06, 'epoch': 2.01}
{'loss': 0.0166, 'learning_rate': 9.507299270072994e-06, 'epoch': 2.1}
{'loss': 0.0192, 'learning_rate': 9.05109489051095e-06, 'epoch': 2.19}
{'loss': 0.0176, 'learning_rate': 8.594890510948906e-06, 'epoch': 2.28}
{'loss': 0.0107, 'learning_rate': 8.138686131386862e-06, 'epoch': 2.37}
{'loss': 0.018, 'learning_rate': 7.682481751824819e-06, 'epoch': 2.46}
{'loss': 0.0176, 'learning_rate': 7.2262773722627744e-06, 'epoch': 2.55}
{'loss': 0.0247, 'learning_rate': 6.77007299270073e-06, 'epoch': 2.65}
{'loss': 0.013, 'learning_rate': 6.313868613138686e-06, 'epoch': 2.74}
{'loss': 0.0173, 'learning_rate': 5.857664233576643e-06, 'epoch': 2.83}
{'loss': 0.0129, 'learning_rate': 5.401459854014599e-06, 'epoch': 2.92}
{'eval_loss': 0.04070500284433365, 'eval_precision': 0.8689839572192514, 'eval_recall': 0.8575197889182058, 'eval_f1': 0.8632138114209827, 'eval_runtime': 0.8626, 'eval_samples_per_second': 653.872, 'eval_steps_per_second': 41.736, 'epoch': 3.0}
{'loss': 0.0163, 'learning_rate': 4.945255474452555e-06, 'epoch': 3.01}
{'loss': 0.0071, 'learning_rate': 4.489051094890512e-06, 'epoch': 3.1}
{'loss': 0.0093, 'learning_rate': 4.032846715328467e-06, 'epoch': 3.19}
{'loss': 0.0166, 'learning_rate': 3.576642335766424e-06, 'epoch': 3.28}
{'loss': 0.0134, 'learning_rate': 3.1204379562043796e-06, 'epoch': 3.38}
{'loss': 0.0123, 'learning_rate': 2.664233576642336e-06, 'epoch': 3.47}
{'loss': 0.0071, 'learning_rate': 2.208029197080292e-06, 'epoch': 3.56}
{'loss': 0.0098, 'learning_rate': 1.7518248175182485e-06, 'epoch': 3.65}
{'loss': 0.0103, 'learning_rate': 1.2956204379562045e-06, 'epoch': 3.74}
{'loss': 0.0079, 'learning_rate': 8.394160583941606e-07, 'epoch': 3.83}
{'loss': 0.0135, 'learning_rate': 3.8321167883211686e-07, 'epoch': 3.92}
{'eval_loss': 0.04078473523259163, 'eval_precision': 0.8657894736842106, 'eval_recall': 0.8680738786279684, 'eval_f1': 0.8669301712779973, 'eval_runtime': 0.8616, 'eval_samples_per_second': 654.618, 'eval_steps_per_second': 41.784, 'epoch': 4.0}
{'train_runtime': 339.818, 'train_samples_per_second': 51.592, 'train_steps_per_second': 6.451, 'train_loss': 0.03572088072117228, 'epoch': 4.0}
Training complete.
Best checkpoint: /home/onok/NLP-Project/outputs/danish_xlmr_baseline/checkpoint-2192
Dev metrics written to: /home/onok/NLP-Project/outputs/danish_xlmr_baseline/dev_metrics.json
Dev predictions written to: /home/onok/NLP-Project/outputs/danish_xlmr_baseline/dev_predictions.iob2
Test predictions written to: /home/onok/NLP-Project/outputs/danish_xlmr_baseline/test_predictions.iob2
Evaluate dev file with: python span_f1.py /home/onok/NLP-Project/Datasets/Danish/da_ddt-ud-dev.iob2 <dev_predictions.iob2>
